<?xml version="1.0" encoding="utf-8"?><testsuites name="pytest tests"><testsuite name="pytest" errors="0" failures="0" skipped="0" tests="3" time="6.564" timestamp="2026-08-15T08:44:00.469444+00:00" hostname="agent-env-93691b0b-1ef1-4897-b7e6-8192f165c33d"><testcase classname="tests.test_ruchio_api.TestHealth" name="test_root_ok" time="0.301" /><testcase classname="tests.test_ruchio_api.TestAIChef" name="test_ai_chef_success" time="6.085" /><testcase classname="tests.test_ruchio_api.TestAIChef" name="test_ai_chef_empty_pantry" time="0.159" /></testsuite></testsuites>